
10-02-2021 11:50:54.324 WARN  c.i.j.java350.service.EmployeService.embaucheEmploye - Aucun matricule trouvé, matricule intitial affecté
10-02-2021 11:51:40.756 WARN  c.i.j.java350.service.EmployeService.embaucheEmploye - Aucun matricule trouvé, matricule intitial affecté
10-02-2021 11:51:40.759 ERROR c.i.j.java350.service.EmployeService.embaucheEmploye - L'employé de matriculeT00001 existe déjà en BDD
10-02-2021 11:51:40.799 WARN  c.i.j.java350.service.EmployeService.embaucheEmploye - Aucun matricule trouvé, matricule intitial affecté
10-02-2021 11:51:40.808 ERROR c.i.j.java350.service.EmployeService.embaucheEmploye - Limite des 100000 matricules atteinte !
10-02-2021 11:52:27.482 WARN  c.i.j.java350.service.EmployeService.embaucheEmploye - Aucun matricule trouvé, matricule intitial affecté
10-02-2021 11:52:27.485 ERROR c.i.j.java350.service.EmployeService.embaucheEmploye - L'employé de matriculeT00001 existe déjà en BDD
10-02-2021 11:52:27.529 WARN  c.i.j.java350.service.EmployeService.embaucheEmploye - Aucun matricule trouvé, matricule intitial affecté
10-02-2021 11:52:27.538 ERROR c.i.j.java350.service.EmployeService.embaucheEmploye - Limite des 100000 matricules atteinte !
22-02-2021 09:54:14.711 WARN  c.i.j.java350.service.EmployeService.embaucheEmploye - Aucun matricule trouvé, matricule initial affecté
22-02-2021 09:54:14.714 ERROR c.i.j.java350.service.EmployeService.embaucheEmploye - L'employé de matricule T00001 existe déjà en BDD
22-02-2021 09:54:14.766 WARN  c.i.j.java350.service.EmployeService.embaucheEmploye - Aucun matricule trouvé, matricule initial affecté
22-02-2021 09:54:14.807 ERROR c.i.j.java350.service.EmployeService.embaucheEmploye - Limite des 100000 matricules atteinte !
22-02-2021 11:44:51.165 WARN  c.i.j.java350.service.EmployeService.embaucheEmploye - Aucun matricule trouvé, matricule initial affecté
22-02-2021 11:44:51.168 ERROR c.i.j.java350.service.EmployeService.embaucheEmploye - L'employé de matricule T00001 existe déjà en BDD
22-02-2021 11:44:51.223 WARN  c.i.j.java350.service.EmployeService.embaucheEmploye - Aucun matricule trouvé, matricule initial affecté
22-02-2021 11:44:51.228 ERROR c.i.j.java350.service.EmployeService.embaucheEmploye - Limite des 100000 matricules atteinte !
22-02-2021 11:47:03.616 WARN  c.i.j.java350.service.EmployeService.embaucheEmploye - Aucun matricule trouvé, matricule initial affecté
22-02-2021 11:48:44.323 ERROR c.i.j.java350.service.EmployeService.embaucheEmploye - Limite des 100000 matricules atteinte !
22-02-2021 11:48:50.015 WARN  c.i.j.java350.service.EmployeService.embaucheEmploye - Aucun matricule trouvé, matricule initial affecté
22-02-2021 11:48:50.049 WARN  c.i.j.java350.service.EmployeService.embaucheEmploye - Aucun matricule trouvé, matricule initial affecté
22-02-2021 11:48:50.050 ERROR c.i.j.java350.service.EmployeService.embaucheEmploye - L'employé de matricule T00001 existe déjà en BDD
22-02-2021 11:48:50.091 ERROR c.i.j.java350.service.EmployeService.embaucheEmploye - Limite des 100000 matricules atteinte !
22-02-2021 11:48:50.094 ERROR c.i.j.java350.service.EmployeService.embaucheEmploye - Limite des 100000 matricules atteinte !
22-02-2021 11:49:12.427 WARN  c.i.j.java350.service.EmployeService.embaucheEmploye - Aucun matricule trouvé, matricule initial affecté
22-02-2021 11:49:12.430 ERROR c.i.j.java350.service.EmployeService.embaucheEmploye - L'employé de matricule T00001 existe déjà en BDD
22-02-2021 11:49:12.472 ERROR c.i.j.java350.service.EmployeService.embaucheEmploye - Limite des 100000 matricules atteinte !
22-02-2021 11:49:12.474 ERROR c.i.j.java350.service.EmployeService.embaucheEmploye - Limite des 100000 matricules atteinte !
22-02-2021 14:43:48.097 WARN  c.i.j.java350.service.EmployeService.embaucheEmploye - Aucun matricule trouvé, matricule initial affecté
22-02-2021 14:43:48.100 ERROR c.i.j.java350.service.EmployeService.embaucheEmploye - L'employé de matricule T00001 existe déjà en BDD
22-02-2021 14:43:48.144 ERROR c.i.j.java350.service.EmployeService.embaucheEmploye - Limite des 100000 matricules atteinte !
22-02-2021 14:43:48.146 ERROR c.i.j.java350.service.EmployeService.embaucheEmploye - Limite des 100000 matricules atteinte !
22-02-2021 14:46:25.340 WARN  c.i.j.java350.service.EmployeService.embaucheEmploye - Aucun matricule trouvé, matricule initial affecté
22-02-2021 14:46:25.399 WARN  c.i.j.java350.service.EmployeService.embaucheEmploye - Aucun matricule trouvé, matricule initial affecté
22-02-2021 14:46:25.399 ERROR c.i.j.java350.service.EmployeService.embaucheEmploye - L'employé de matricule T00001 existe déjà en BDD
22-02-2021 14:46:25.402 ERROR c.i.j.java350.service.EmployeService.embaucheEmploye - Limite des 100000 matricules atteinte !
22-02-2021 14:59:50.763 WARN  c.i.j.java350.service.EmployeService.embaucheEmploye - Aucun matricule trouvé, matricule initial affecté
22-02-2021 14:59:50.785 WARN  c.i.j.java350.service.EmployeService.embaucheEmploye - Aucun matricule trouvé, matricule initial affecté
22-02-2021 14:59:50.785 ERROR c.i.j.java350.service.EmployeService.embaucheEmploye - L'employé de matricule T00001 existe déjà en BDD
22-02-2021 14:59:50.804 ERROR c.i.j.java350.service.EmployeService.embaucheEmploye - Limite des 100000 matricules atteinte !
22-02-2021 15:21:11.197 WARN  c.i.j.java350.service.EmployeService.embaucheEmploye - Aucun matricule trouvé, matricule initial affecté
22-02-2021 15:21:11.211 WARN  c.i.j.java350.service.EmployeService.embaucheEmploye - Aucun matricule trouvé, matricule initial affecté
22-02-2021 15:21:11.211 ERROR c.i.j.java350.service.EmployeService.embaucheEmploye - L'employé de matricule T00001 existe déjà en BDD
22-02-2021 15:21:11.230 ERROR c.i.j.java350.service.EmployeService.embaucheEmploye - Limite des 100000 matricules atteinte !
22-02-2021 15:32:40.337 WARN  c.i.j.java350.service.EmployeService.embaucheEmploye - Aucun matricule trouvé, matricule initial affecté
22-02-2021 15:32:40.351 WARN  c.i.j.java350.service.EmployeService.embaucheEmploye - Aucun matricule trouvé, matricule initial affecté
22-02-2021 15:32:40.351 ERROR c.i.j.java350.service.EmployeService.embaucheEmploye - L'employé de matricule T00001 existe déjà en BDD
22-02-2021 15:32:40.383 ERROR c.i.j.java350.service.EmployeService.embaucheEmploye - Limite des 100000 matricules atteinte !
22-02-2021 15:46:13.618 WARN  c.i.j.java350.service.EmployeService.embaucheEmploye - Aucun matricule trouvé, matricule initial affecté
22-02-2021 15:46:13.633 WARN  c.i.j.java350.service.EmployeService.embaucheEmploye - Aucun matricule trouvé, matricule initial affecté
22-02-2021 15:46:13.634 ERROR c.i.j.java350.service.EmployeService.embaucheEmploye - L'employé de matricule T00001 existe déjà en BDD
22-02-2021 15:46:13.654 ERROR c.i.j.java350.service.EmployeService.embaucheEmploye - Limite des 100000 matricules atteinte !
22-02-2021 15:47:01.519 WARN  c.i.j.java350.service.EmployeService.embaucheEmploye - Aucun matricule trouvé, matricule initial affecté
22-02-2021 15:47:01.533 WARN  c.i.j.java350.service.EmployeService.embaucheEmploye - Aucun matricule trouvé, matricule initial affecté
22-02-2021 15:47:01.533 ERROR c.i.j.java350.service.EmployeService.embaucheEmploye - L'employé de matricule T00001 existe déjà en BDD
22-02-2021 15:47:01.556 ERROR c.i.j.java350.service.EmployeService.embaucheEmploye - Limite des 100000 matricules atteinte !
22-02-2021 15:47:15.075 WARN  c.i.j.java350.service.EmployeService.embaucheEmploye - Aucun matricule trouvé, matricule initial affecté
22-02-2021 15:47:15.089 WARN  c.i.j.java350.service.EmployeService.embaucheEmploye - Aucun matricule trouvé, matricule initial affecté
22-02-2021 15:47:15.090 ERROR c.i.j.java350.service.EmployeService.embaucheEmploye - L'employé de matricule T00001 existe déjà en BDD
22-02-2021 15:47:15.110 ERROR c.i.j.java350.service.EmployeService.embaucheEmploye - Limite des 100000 matricules atteinte !
22-02-2021 15:48:59.860 WARN  c.i.j.java350.service.EmployeService.embaucheEmploye - Aucun matricule trouvé, matricule initial affecté
22-02-2021 15:48:59.873 WARN  c.i.j.java350.service.EmployeService.embaucheEmploye - Aucun matricule trouvé, matricule initial affecté
22-02-2021 15:48:59.873 ERROR c.i.j.java350.service.EmployeService.embaucheEmploye - L'employé de matricule T00001 existe déjà en BDD
22-02-2021 15:48:59.893 ERROR c.i.j.java350.service.EmployeService.embaucheEmploye - Limite des 100000 matricules atteinte !
